#Res        B-factors
   1.000     182.6287
   2.000     125.0258
   3.000      31.0018
   4.000     128.9350
   5.000      62.1319
   6.000     102.0250
   7.000      26.2414
   8.000      66.9011
   9.000      37.0010
  10.000      53.2751
  11.000      53.5495
  12.000      94.6384
  13.000      47.2952
  14.000      35.1579
  15.000      76.5583
  16.000      41.6370
  17.000      55.9157
  18.000      40.2060
  19.000      24.7604
  20.000      32.9232
  21.000      23.4440
  22.000      30.6697
  23.000      42.2761
  24.000      29.1012
  25.000      51.2484
  26.000      69.0890
  27.000     106.0998
  28.000     226.9823
  29.000     109.0487
  30.000      83.3125
  31.000     110.9560
  32.000      74.5416
  33.000      29.0190
  34.000      16.8042
  35.000      15.3691
  36.000      12.8460
  37.000      15.8067
  38.000      18.0338
  39.000      29.3605
  40.000      33.9035
  41.000      95.4808
  42.000     109.9218
  43.000      46.6539
  44.000      89.1240
  45.000     112.7353
  46.000     339.5321
  47.000      87.6765
  48.000      66.0172
  49.000     106.9708
  50.000      49.2193
  51.000      27.9113
  52.000      52.9342
  53.000      33.3104
  54.000      25.2166
  55.000      17.5578
  56.000      18.5031
  57.000      13.1512
  58.000      29.9750
  59.000     115.2165
  60.000      33.9879
  61.000      15.5924
  62.000     106.6346
  63.000      29.1014
  64.000      20.5202
  65.000      30.1385
  66.000      14.2244
  67.000      20.9462
  68.000      42.3705
  69.000      19.3278
  70.000      28.6183
  71.000      31.0064
  72.000      34.6390
  73.000      27.1194
  74.000      35.4285
  75.000      39.4714
  76.000     123.3472
  77.000      29.1073
  78.000      35.2861
  79.000      27.3150
  80.000      26.2672
  81.000      14.7203
  82.000      16.5717
  83.000      10.5019
  84.000      36.7290
  85.000      26.5690
  86.000      34.0452
  87.000      29.5603
  88.000      26.6605
  89.000      17.7293
  90.000      26.0711
  91.000      13.2846
  92.000      24.6079
  93.000      39.7661
  94.000      21.3312
  95.000      12.7663
  96.000      27.2393
  97.000      23.0756
  98.000      17.2764
  99.000      70.2071
 100.000      37.9130
 101.000       9.4089
 102.000       9.6643
 103.000      18.0573
 104.000      11.4426
 105.000      19.3628
 106.000       8.2487
 107.000       6.1436
 108.000      33.2458
 109.000      17.1966
 110.000      14.3511
 111.000      24.3323
 112.000      23.2784
 113.000       8.6282
 114.000       7.9678
 115.000      30.0544
 116.000       8.3563
 117.000       7.9811
 118.000      11.3652
 119.000       9.4777
 120.000       8.2678
 121.000       6.5620
 122.000      55.4249
 123.000      21.5353
 124.000      10.0360
 125.000       9.5013
 126.000       8.7151
 127.000      53.6677
 128.000      22.7201
 129.000      14.7700
 130.000      30.4958
 131.000      18.5815
 132.000      14.6974
 133.000      29.4104
 134.000      25.1615
 135.000      23.1874
 136.000      18.5240
 137.000      15.6468
 138.000      23.1415
 139.000      30.7555
 140.000     108.7637
 141.000      74.4482
 142.000     111.5733
 143.000      55.6274
 144.000      29.1521
 145.000      20.7449
 146.000      19.3219
 147.000      17.8609
 148.000      26.1759
 149.000      17.0903
 150.000      30.6780
 151.000      33.6932
 152.000      29.0038
 153.000      63.5143
 154.000      19.1795
 155.000      34.6213
 156.000      23.5208
 157.000      27.6365
 158.000      98.9369
 159.000      39.1776
 160.000      57.4966
 161.000     117.9288
 162.000      51.0175
 163.000      18.6220
 164.000      22.8185
 165.000      21.3686
 166.000      20.4502
 167.000      78.3561
 168.000      23.3704
 169.000      14.2999
 170.000      11.8602
 171.000      17.6366
 172.000      11.5315
 173.000       9.5678
 174.000      12.8381
 175.000       6.2304
 176.000       8.8214
 177.000       7.8502
 178.000      12.2487
 179.000      26.0068
 180.000      15.0352
 181.000      77.8717
 182.000      14.9981
 183.000      16.2223
 184.000      11.3041
 185.000       8.3264
 186.000      17.0427
 187.000       5.8130
 188.000      16.9176
 189.000       4.7272
 190.000      11.5380
 191.000       4.6669
 192.000       5.1306
 193.000       6.2807
 194.000       3.7197
 195.000       6.0843
 196.000      10.7320
 197.000       7.8015
 198.000       5.0252
 199.000       8.0337
 200.000      16.3276
 201.000       8.9343
 202.000       8.5170
 203.000       8.4179
 204.000       9.5531
 205.000      11.8539
 206.000       8.9937
 207.000      16.7349
 208.000     159.8423
 209.000      60.8914
 210.000     163.8217
 211.000      86.8686
 212.000     132.3836
 213.000     103.1600
 214.000      90.5682
 215.000      40.2128
 216.000      65.4443
 217.000      77.4747
 218.000      42.6833
 219.000      20.4244
 220.000      38.0060
 221.000      24.4121
 222.000      21.0862
 223.000      28.4777
 224.000      18.1974
 225.000      49.5197
 226.000      12.7991
 227.000      17.3555
 228.000      22.3565
 229.000      24.8482
 230.000      21.5790
 231.000       9.0401
 232.000      31.6538
 233.000      28.9795
 234.000      11.8941
 235.000      12.3873
 236.000      13.1169
 237.000      32.5643
 238.000       7.9933
 239.000      16.7958
 240.000       8.0667
 241.000       7.5564
 242.000       9.0041
 243.000      31.6944
 244.000      10.4923
 245.000      10.3177
 246.000       7.0864
 247.000       7.7250
 248.000      13.7623
 249.000      14.1242
 250.000       9.9356
 251.000      23.8127
 252.000      64.3659
 253.000       5.5557
 254.000       8.7085
 255.000       8.6306
 256.000       8.1188
 257.000      10.6782
 258.000      40.5136
 259.000       6.9835
 260.000       9.5373
 261.000      53.7614
 262.000       6.7063
 263.000      10.0555
 264.000       6.6938
 265.000      11.5423
 266.000      15.6552
 267.000      28.2881
 268.000      37.7910
 269.000      35.2548
 270.000      27.9452
 271.000      16.3210
 272.000      14.9172
 273.000      19.7655
 274.000      39.6790
 275.000      81.9352
 276.000      15.1065
 277.000      10.6520
 278.000      36.0798
 279.000      63.8825
 280.000      10.3979
 281.000      22.5307
 282.000      26.4524
 283.000      21.9150
 284.000      18.6404
 285.000      51.5883
 286.000      68.8755
 287.000      15.0307
 288.000      14.8638
 289.000      25.8309
 290.000     129.0367
 291.000      21.0305
 292.000     105.6829
 293.000     309.5691
 294.000      46.0325
