#Res        B-factors
   1.000     175.7240
   2.000     107.2939
   3.000      22.4969
   4.000      71.4953
   5.000      51.9734
   6.000      55.9998
   7.000      16.7156
   8.000      56.4973
   9.000      19.9304
  10.000      25.5085
  11.000      33.0303
  12.000      51.8529
  13.000      24.9347
  14.000      14.7653
  15.000      75.2522
  16.000      12.5552
  17.000      14.8924
  18.000      54.4579
  19.000      17.8881
  20.000      24.5353
  21.000      11.2721
  22.000      18.0074
  23.000      18.6764
  24.000      13.9169
  25.000      22.7145
  26.000      29.6662
  27.000      51.7254
  28.000      93.0679
  29.000      45.8715
  30.000      32.4195
  31.000      89.5100
  32.000      38.6214
  33.000      13.6071
  34.000      10.6423
  35.000       9.6596
  36.000      13.1814
  37.000      13.6202
  38.000      16.8463
  39.000      28.8421
  40.000      42.2574
  41.000      87.1648
  42.000      98.9514
  43.000      53.8665
  44.000      48.1609
  45.000      60.3737
  46.000     244.7739
  47.000      42.2793
  48.000      81.9441
  49.000      90.3761
  50.000      43.8176
  51.000      42.4740
  52.000      51.3430
  53.000      19.4522
  54.000      16.7429
  55.000      12.3382
  56.000      13.9014
  57.000       8.7407
  58.000       8.7507
  59.000     110.8487
  60.000      16.9013
  61.000       9.9786
  62.000      68.7910
  63.000      13.3870
  64.000      10.0083
  65.000      10.4268
  66.000       9.3573
  67.000      10.7545
  68.000      24.8565
  69.000      11.6540
  70.000      11.4833
  71.000      21.5004
  72.000      18.1004
  73.000      21.5789
  74.000      35.3493
  75.000      44.2198
  76.000     129.2576
  77.000      35.5862
  78.000      41.8607
  79.000      47.0378
  80.000      14.1827
  81.000      16.0222
  82.000      12.8397
  83.000       8.0176
  84.000      10.4363
  85.000      24.6458
  86.000      31.3432
  87.000      23.4777
  88.000      13.2496
  89.000      10.6785
  90.000      20.9832
  91.000      11.3075
  92.000      23.7959
  93.000      34.2959
  94.000      12.7950
  95.000      11.2512
  96.000      29.0596
  97.000      19.7711
  98.000      18.5937
  99.000      39.1111
 100.000      38.2080
 101.000       7.9553
 102.000       8.3047
 103.000      11.7794
 104.000       8.9308
 105.000      17.6874
 106.000       7.5609
 107.000       5.6678
 108.000      22.7422
 109.000      17.3271
 110.000       8.6427
 111.000      25.4057
 112.000      17.0961
 113.000       7.5208
 114.000       6.6886
 115.000      26.5537
 116.000       6.1036
 117.000       6.4524
 118.000       8.3606
 119.000       5.8390
 120.000       4.9452
 121.000       4.9422
 122.000      37.0305
 123.000      19.2324
 124.000       6.9460
 125.000       7.3371
 126.000       7.4282
 127.000       7.9315
 128.000      10.4929
 129.000       8.5778
 130.000      16.1352
 131.000      15.6275
 132.000      11.7722
 133.000      20.0420
 134.000       6.8688
 135.000      12.8948
 136.000      13.4765
 137.000      14.4403
 138.000      18.5094
 139.000      22.4734
 140.000      78.7744
 141.000      53.6236
 142.000      88.0841
 143.000      31.3966
 144.000      19.1498
 145.000      16.7997
 146.000      18.6424
 147.000      22.2452
 148.000      25.2748
 149.000      10.3680
 150.000      15.1995
 151.000       7.5562
 152.000       9.6820
 153.000      28.2783
 154.000       9.2813
 155.000      13.4169
 156.000      19.8078
 157.000      13.9342
 158.000      82.9574
 159.000      29.1047
 160.000      42.5708
 161.000      99.4027
 162.000      55.7568
 163.000      15.0760
 164.000      18.5661
 165.000      17.8062
 166.000      16.0049
 167.000      43.2089
 168.000      16.5816
 169.000      12.0014
 170.000       9.7688
 171.000      16.4266
 172.000      12.0881
 173.000       9.1203
 174.000      12.5698
 175.000       5.8088
 176.000       7.3985
 177.000       5.6717
 178.000       9.0913
 179.000      23.0622
 180.000      14.4940
 181.000      41.1343
 182.000      18.1693
 183.000      13.4200
 184.000       7.1095
 185.000       5.9501
 186.000      15.3400
 187.000       4.6091
 188.000      15.5252
 189.000       4.3123
 190.000      10.0583
 191.000       4.8443
 192.000       4.8656
 193.000      14.0442
 194.000       3.3529
 195.000       5.5086
 196.000      11.1937
 197.000       6.2544
 198.000       4.3374
 199.000       7.0715
 200.000       8.8298
 201.000       7.9510
 202.000       7.8175
 203.000       7.1452
 204.000      11.7099
 205.000      11.3294
 206.000       7.8887
 207.000      14.8521
 208.000      92.4601
 209.000      60.2989
 210.000     171.4941
 211.000      67.1804
 212.000     119.7897
 213.000     153.7466
 214.000      90.4925
 215.000      27.6866
 216.000      33.6830
 217.000      79.7728
 218.000      36.7026
 219.000      12.7646
 220.000      20.6379
 221.000      16.2439
 222.000      13.0341
 223.000      19.6587
 224.000      18.6613
 225.000      39.9496
 226.000      12.4257
 227.000      19.0857
 228.000      36.4116
 229.000      39.6425
 230.000      81.8673
 231.000       9.4453
 232.000      32.3976
 233.000      18.6051
 234.000      10.2383
 235.000       8.9146
 236.000      10.1179
 237.000      29.5158
 238.000       6.4003
 239.000      16.9558
 240.000       6.3958
 241.000       6.5042
 242.000       7.1256
 243.000      30.2886
 244.000       9.7542
 245.000       7.9906
 246.000       6.4980
 247.000       6.9811
 248.000      14.9662
 249.000      13.1256
 250.000       9.2283
 251.000      22.8659
 252.000      57.8457
 253.000       4.8499
 254.000       7.7483
 255.000       7.5993
 256.000       7.2132
 257.000       9.0297
 258.000      36.5971
 259.000       6.3316
 260.000      14.2709
 261.000      49.2847
 262.000       6.1067
 263.000       9.5127
 264.000       5.9585
 265.000       8.7586
 266.000      18.2514
 267.000      50.1360
 268.000      35.2472
 269.000      35.3055
 270.000      35.4750
 271.000      14.3965
 272.000      11.8724
 273.000      21.5965
 274.000      39.2834
 275.000      90.3778
 276.000      24.9770
 277.000       8.8212
 278.000      66.3193
 279.000      35.8733
 280.000       8.0817
 281.000      12.5141
 282.000      33.6184
 283.000      19.0800
 284.000      26.4185
 285.000      45.2445
 286.000      49.6533
 287.000      20.9200
 288.000      11.4803
 289.000      21.3532
 290.000     119.5296
 291.000      18.3353
 292.000     102.4417
 293.000     363.3874
 294.000      57.7836
