#Res        B-factors
   1.000     149.9306
   2.000      95.1037
   3.000      22.6040
   4.000      67.4881
   5.000      49.0531
   6.000      71.0966
   7.000      20.9718
   8.000      61.4808
   9.000      24.4936
  10.000      31.6032
  11.000      36.7179
  12.000      72.0081
  13.000      31.8823
  14.000      20.2637
  15.000      56.2085
  16.000      10.8025
  17.000      14.6371
  18.000      24.6032
  19.000      28.2386
  20.000      28.9821
  21.000      13.5099
  22.000      41.3956
  23.000      25.0398
  24.000      18.9906
  25.000      37.0673
  26.000      39.0700
  27.000      50.8127
  28.000     104.4831
  29.000      60.2221
  30.000      53.3920
  31.000      99.6064
  32.000      77.1325
  33.000      22.7991
  34.000      12.9777
  35.000      10.0648
  36.000      10.2340
  37.000      15.9067
  38.000      33.8595
  39.000      37.6931
  40.000      41.3339
  41.000      97.8389
  42.000     119.8230
  43.000      71.5175
  44.000      50.5086
  45.000      54.6404
  46.000     196.2175
  47.000      58.2879
  48.000      74.9267
  49.000      95.8401
  50.000      47.1054
  51.000      27.9975
  52.000      40.0710
  53.000      15.3407
  54.000      12.9427
  55.000      12.5765
  56.000      22.8337
  57.000      10.6166
  58.000      13.5951
  59.000      77.3545
  60.000      42.8751
  61.000      12.5966
  62.000      75.2964
  63.000      34.0357
  64.000      16.4962
  65.000      23.0810
  66.000      14.0833
  67.000      19.9857
  68.000      92.6937
  69.000      17.9798
  70.000      90.7707
  71.000      18.0895
  72.000      24.4420
  73.000      22.1390
  74.000      34.0321
  75.000      47.8777
  76.000     120.6109
  77.000      33.8023
  78.000      38.7955
  79.000      44.2309
  80.000      15.0588
  81.000      16.1423
  82.000      13.6042
  83.000      11.7209
  84.000      73.4238
  85.000      32.2701
  86.000      31.1028
  87.000      23.9941
  88.000      13.1666
  89.000      11.9429
  90.000      24.2841
  91.000      10.3423
  92.000      21.2847
  93.000      35.1958
  94.000      17.0672
  95.000      10.0768
  96.000      14.9972
  97.000      16.6199
  98.000      13.3547
  99.000      63.6184
 100.000      28.3465
 101.000       6.9698
 102.000       6.8175
 103.000       6.0121
 104.000       7.5320
 105.000      16.9333
 106.000       6.4074
 107.000       5.1258
 108.000      50.6150
 109.000       7.9256
 110.000       7.3757
 111.000      21.5049
 112.000      12.7451
 113.000       7.6561
 114.000       6.7687
 115.000      30.6011
 116.000       6.5073
 117.000       6.8944
 118.000       9.2604
 119.000       7.1071
 120.000       5.7233
 121.000       5.1754
 122.000      47.9716
 123.000      47.5923
 124.000       8.1030
 125.000       8.1388
 126.000       7.4521
 127.000       8.0620
 128.000       7.9777
 129.000       6.3599
 130.000      14.6627
 131.000       7.2227
 132.000       8.4019
 133.000      16.3847
 134.000       5.5956
 135.000      11.3867
 136.000      14.3728
 137.000      25.1990
 138.000      18.8262
 139.000      24.6977
 140.000      95.8107
 141.000      74.6531
 142.000     130.7637
 143.000      50.8267
 144.000      24.0023
 145.000      17.5014
 146.000      11.2470
 147.000      16.8872
 148.000      10.6302
 149.000       6.9099
 150.000       5.5575
 151.000      13.0227
 152.000      12.0798
 153.000      23.5441
 154.000       7.9403
 155.000      10.1451
 156.000      18.9681
 157.000      18.5509
 158.000      78.7609
 159.000      26.0582
 160.000      41.4727
 161.000      88.0394
 162.000      23.8765
 163.000      13.5774
 164.000      16.0353
 165.000      14.1998
 166.000      13.8126
 167.000     126.8555
 168.000      25.6615
 169.000      13.0444
 170.000      11.2726
 171.000      25.3153
 172.000      12.7289
 173.000      14.7379
 174.000      51.7779
 175.000       6.6735
 176.000       7.1653
 177.000       5.5529
 178.000      10.0992
 179.000      19.9806
 180.000      23.1794
 181.000      50.3943
 182.000      14.1551
 183.000      13.5442
 184.000       6.9721
 185.000       6.3349
 186.000      15.3649
 187.000       4.4835
 188.000       5.8887
 189.000       3.9043
 190.000       8.3190
 191.000       3.9837
 192.000       4.6046
 193.000      13.1810
 194.000       3.4002
 195.000       5.3352
 196.000       7.6019
 197.000       5.4427
 198.000       3.9644
 199.000       6.6652
 200.000      11.6165
 201.000       6.7075
 202.000       6.5644
 203.000       6.3539
 204.000       7.8613
 205.000       9.7639
 206.000       7.0800
 207.000      12.4622
 208.000     114.6037
 209.000      47.4938
 210.000     162.4557
 211.000      66.6003
 212.000     117.4593
 213.000     119.6342
 214.000     101.1758
 215.000      26.5880
 216.000      29.8913
 217.000      71.4466
 218.000      36.8309
 219.000      11.3208
 220.000      21.3166
 221.000      15.5586
 222.000      12.1273
 223.000      18.8263
 224.000      17.6634
 225.000      40.9082
 226.000      10.5240
 227.000      15.7590
 228.000      24.5569
 229.000      21.5244
 230.000      19.2972
 231.000       7.2059
 232.000      27.4073
 233.000      18.5657
 234.000       9.4626
 235.000       7.6705
 236.000       9.7750
 237.000      28.1202
 238.000       5.6388
 239.000      14.9401
 240.000       6.0958
 241.000       6.1687
 242.000       5.8050
 243.000      29.8430
 244.000       9.3109
 245.000       7.9489
 246.000       6.7047
 247.000       6.4378
 248.000      12.9521
 249.000      12.2929
 250.000       8.8656
 251.000      21.4786
 252.000      53.2472
 253.000       4.6778
 254.000       7.5708
 255.000       7.8667
 256.000       7.6631
 257.000       9.7797
 258.000      41.1311
 259.000       6.6457
 260.000      13.0980
 261.000      65.5199
 262.000       6.3781
 263.000       9.9718
 264.000       5.5029
 265.000      13.8582
 266.000      16.5799
 267.000      29.4378
 268.000      62.2924
 269.000      37.7212
 270.000      29.0848
 271.000      13.6395
 272.000      12.6570
 273.000      14.6452
 274.000      30.6256
 275.000      73.6957
 276.000      13.1981
 277.000       8.6013
 278.000      54.5652
 279.000      64.7920
 280.000       7.9384
 281.000      21.8566
 282.000      40.2135
 283.000      20.2914
 284.000      19.5598
 285.000      48.1901
 286.000      46.9421
 287.000      23.7663
 288.000      11.6257
 289.000      20.4093
 290.000     120.9719
 291.000      16.5758
 292.000      76.1971
 293.000     301.0885
 294.000      10.9826
