#Res        B-factors
   1.000    2101.4795
   2.000    1388.1901
   3.000    1009.1713
   4.000     762.9441
   5.000     410.6246
   6.000     239.3917
   7.000     100.5755
   8.000      79.1493
   9.000      33.2627
  10.000      51.2087
  11.000      98.4011
  12.000      69.6455
  13.000      20.5377
  14.000      65.4105
  15.000      34.3515
  16.000      37.4871
  17.000      47.2003
  18.000      85.2591
  19.000      44.6347
  20.000      46.0959
  21.000     107.3858
  22.000      89.6726
  23.000     138.0598
  24.000     217.3955
  25.000      59.1496
  26.000      49.9374
  27.000      28.9550
  28.000      31.7345
  29.000      26.8171
  30.000      20.0643
  31.000      32.4405
  32.000      37.9418
  33.000      64.8364
  34.000     126.4336
  35.000      56.4210
  36.000      40.4022
  37.000      97.5626
  38.000      75.5373
  39.000      17.2909
  40.000      15.1022
  41.000      15.3084
  42.000      30.9298
  43.000      26.5391
  44.000      39.3767
  45.000      67.9917
  46.000      96.3781
  47.000     159.9280
  48.000     236.7092
  49.000     103.1127
  50.000      67.4371
  51.000      70.1734
  52.000     286.4748
  53.000      58.4058
  54.000      65.5199
  55.000     100.2512
  56.000      53.7068
  57.000      26.6146
  58.000      69.5349
  59.000      19.7488
  60.000      17.1717
  61.000      14.5286
  62.000      40.3697
  63.000      12.8111
  64.000      10.2100
  65.000     133.8846
  66.000      21.6353
  67.000      14.0652
  68.000      58.2695
  69.000      26.1436
  70.000      20.3622
  71.000      27.0291
  72.000      15.2386
  73.000      12.4150
  74.000      34.8365
  75.000      12.7099
  76.000      15.1250
  77.000      15.4083
  78.000      20.1802
  79.000      22.4818
  80.000      41.5697
  81.000      57.5715
  82.000     184.6262
  83.000      64.2655
  84.000      50.6539
  85.000      26.7772
  86.000      21.2989
  87.000      22.6709
  88.000      15.5676
  89.000      12.3173
  90.000      15.4130
  91.000      35.3912
  92.000      29.7755
  93.000      24.0987
  94.000      15.1092
  95.000      12.7215
  96.000      30.3107
  97.000      11.3866
  98.000      19.4018
  99.000      31.3059
 100.000      21.0930
 101.000       9.6626
 102.000      13.1870
 103.000      17.2620
 104.000      18.7810
 105.000      61.2741
 106.000      14.6713
 107.000       7.0541
 108.000       8.2242
 109.000      15.4029
 110.000      10.4827
 111.000      17.6072
 112.000       7.8047
 113.000       6.5535
 114.000      27.0799
 115.000       9.5725
 116.000      15.0857
 117.000      23.5279
 118.000      14.6748
 119.000       8.7135
 120.000       7.7249
 121.000      33.4666
 122.000       7.7710
 123.000       7.9538
 124.000      11.8072
 125.000       8.3842
 126.000       9.4544
 127.000       7.4397
 128.000      59.4630
 129.000      22.8310
 130.000      13.4189
 131.000      12.2656
 132.000      11.2394
 133.000      10.0663
 134.000      14.7943
 135.000      18.3849
 136.000      32.5799
 137.000      25.2516
 138.000      12.3805
 139.000      19.1782
 140.000      27.8068
 141.000      11.6831
 142.000      17.4074
 143.000      18.6974
 144.000      16.4079
 145.000      21.7665
 146.000      75.5061
 147.000      60.5253
 148.000     112.1772
 149.000      48.5807
 150.000      24.2229
 151.000      16.9157
 152.000      24.4902
 153.000      23.2898
 154.000      12.8410
 155.000      11.5447
 156.000      27.2712
 157.000      11.0534
 158.000      13.6972
 159.000      36.8775
 160.000      13.2872
 161.000      18.8320
 162.000      36.9458
 163.000      19.8521
 164.000      98.4168
 165.000      32.5710
 166.000      42.2298
 167.000     134.2614
 168.000      27.4746
 169.000      18.0759
 170.000      20.6045
 171.000      20.5206
 172.000      21.3773
 173.000     112.8057
 174.000      71.3942
 175.000      40.8859
 176.000      36.0906
 177.000      50.4055
 178.000      25.7809
 179.000      16.6031
 180.000      42.4551
 181.000       8.4406
 182.000      10.5142
 183.000       8.7353
 184.000      23.9840
 185.000      33.3079
 186.000      21.9800
 187.000      61.2491
 188.000      27.5932
 189.000      18.4409
 190.000      10.8999
 191.000       8.4368
 192.000      14.5638
 193.000       5.6164
 194.000       7.4686
 195.000       5.1088
 196.000       7.6991
 197.000       5.2956
 198.000       5.5419
 199.000       9.0258
 200.000       4.0978
 201.000       6.5474
 202.000      12.2772
 203.000       7.3318
 204.000       5.9081
 205.000       8.4298
 206.000       9.8073
 207.000       8.2700
 208.000       8.8714
 209.000       8.3140
 210.000      12.9464
 211.000      12.2673
 212.000       9.0308
 213.000      15.0794
 214.000      42.5152
 215.000      42.5955
 216.000     174.4309
 217.000      63.8391
 218.000     112.7029
 219.000     112.6380
 220.000      53.7487
 221.000      24.2453
 222.000      43.9022
 223.000      90.6657
 224.000      45.7961
 225.000      17.1376
 226.000      38.5427
 227.000      25.0835
 228.000      20.2809
 229.000      25.0705
 230.000      19.9172
 231.000      40.6701
 232.000      15.0990
 233.000      23.9982
 234.000      36.7205
 235.000      42.9121
 236.000      74.0407
 237.000      11.6537
 238.000      40.6529
 239.000      23.4442
 240.000      13.3403
 241.000      13.2421
 242.000      15.1081
 243.000      32.2693
 244.000       8.0967
 245.000      17.3656
 246.000      13.4108
 247.000       7.6922
 248.000       8.6419
 249.000      31.9932
 250.000      11.2908
 251.000       9.5117
 252.000       7.6819
 253.000       8.0410
 254.000      15.0975
 255.000      13.7808
 256.000      10.2029
 257.000      22.7643
 258.000      60.5499
 259.000       5.7664
 260.000       7.4910
 261.000       8.4102
 262.000       7.6575
 263.000      10.0934
 264.000      30.3319
 265.000       6.9986
 266.000       9.9904
 267.000      52.0448
 268.000       9.2183
 269.000      12.5950
 270.000       8.2635
 271.000      13.6152
 272.000      16.4872
 273.000      31.1094
 274.000      51.9707
 275.000      37.8737
 276.000      28.6743
 277.000      17.7441
 278.000      16.1824
 279.000      26.6397
 280.000      39.8539
 281.000      48.3960
 282.000      17.2391
 283.000       9.6511
 284.000      61.8631
 285.000      67.5344
 286.000       8.2794
 287.000      10.6090
 288.000      35.5095
 289.000      21.8883
 290.000      19.6333
 291.000      39.7528
 292.000      51.2073
 293.000      13.0188
 294.000      11.6889
 295.000      16.8953
 296.000      63.5189
 297.000      17.6468
 298.000      75.2111
 299.000      49.0153
 300.000      57.3464
 301.000      26.6026
 302.000      33.5538
 303.000      43.8999
 304.000      87.2399
 305.000      59.8722
 306.000      72.8300
 307.000     129.1039
 308.000     115.8733
 309.000     129.2953
 310.000     181.0906
 311.000     398.3446
 312.000     644.9009
 313.000     123.9084
