#Res        B-factors
   1.000    1243.9659
   2.000     669.8244
   3.000     419.8525
   4.000     330.8782
   5.000     121.7771
   6.000      84.4233
   7.000      97.1110
   8.000      49.6745
   9.000      48.2668
  10.000     103.6664
  11.000     174.4424
  12.000      94.6277
  13.000      45.5527
  14.000     136.3073
  15.000      80.6367
  16.000      92.1908
  17.000     102.7686
  18.000     155.6890
  19.000      91.7508
  20.000     116.9966
  21.000     225.8676
  22.000     175.0270
  23.000     219.5906
  24.000     175.0979
  25.000      95.4831
  26.000     102.6545
  27.000      73.2830
  28.000      86.2733
  29.000      57.7696
  30.000      35.4379
  31.000      66.7529
  32.000      68.7768
  33.000     124.7872
  34.000     165.1993
  35.000     105.8323
  36.000      82.7268
  37.000      89.4909
  38.000     107.5867
  39.000      23.9152
  40.000      21.3351
  41.000      36.3591
  42.000      53.3147
  43.000      58.0765
  44.000      46.5115
  45.000      78.8679
  46.000      47.5141
  47.000     132.5573
  48.000     139.4996
  49.000      81.4741
  50.000      71.4422
  51.000      91.8723
  52.000     231.0866
  53.000      88.8637
  54.000      60.1917
  55.000     141.9905
  56.000      80.1861
  57.000      44.3675
  58.000      89.6776
  59.000      35.9740
  60.000      20.6725
  61.000      23.1350
  62.000      32.9101
  63.000      17.2757
  64.000      22.1884
  65.000      99.6145
  66.000      30.8136
  67.000      19.7398
  68.000      61.3339
  69.000      31.8986
  70.000      21.7391
  71.000      29.6772
  72.000      17.5375
  73.000      28.5315
  74.000      53.9230
  75.000      18.4736
  76.000      15.8394
  77.000      13.9249
  78.000      13.6238
  79.000      27.5957
  80.000      43.3727
  81.000      52.2249
  82.000      93.4014
  83.000      60.0306
  84.000      60.4735
  85.000      26.1225
  86.000      43.1826
  87.000      19.0780
  88.000      17.1572
  89.000      16.0296
  90.000      16.7392
  91.000      39.7358
  92.000      40.7604
  93.000      35.3287
  94.000      24.6571
  95.000      23.7297
  96.000      34.6451
  97.000      17.6126
  98.000      33.6115
  99.000      48.3698
 100.000      25.9551
 101.000      17.6024
 102.000      26.6215
 103.000      33.9641
 104.000      29.7487
 105.000      93.0279
 106.000      31.1774
 107.000      10.4733
 108.000      10.8474
 109.000      13.3630
 110.000      14.2561
 111.000      22.0907
 112.000       9.7799
 113.000       9.0809
 114.000      43.5644
 115.000      20.2449
 116.000      15.1242
 117.000      23.5635
 118.000      23.3430
 119.000       8.7774
 120.000       8.2373
 121.000      34.0845
 122.000       8.9331
 123.000       8.1762
 124.000      11.8473
 125.000      11.5687
 126.000       8.5177
 127.000       6.4766
 128.000      43.4932
 129.000      24.8297
 130.000      10.7710
 131.000      11.2466
 132.000      14.2589
 133.000       8.4771
 134.000       9.8519
 135.000      13.0350
 136.000      29.8160
 137.000      19.2878
 138.000      13.3784
 139.000      25.5950
 140.000      16.1224
 141.000      17.7012
 142.000      29.4878
 143.000      26.4167
 144.000      28.2884
 145.000      35.4411
 146.000      90.3703
 147.000      68.4312
 148.000     117.0641
 149.000      54.6908
 150.000      29.7513
 151.000      23.3259
 152.000      27.1833
 153.000      29.6292
 154.000      13.4597
 155.000      16.2683
 156.000      39.7995
 157.000      13.7290
 158.000      14.5628
 159.000      16.4626
 160.000      11.7855
 161.000      15.7165
 162.000      25.8578
 163.000      17.8577
 164.000      82.4800
 165.000      32.8653
 166.000      46.0926
 167.000     147.4820
 168.000      30.5610
 169.000      17.3007
 170.000      22.5371
 171.000      19.2862
 172.000      20.8122
 173.000      50.6777
 174.000      19.5005
 175.000      16.3813
 176.000      13.6497
 177.000      26.4635
 178.000      13.1471
 179.000      11.6138
 180.000      21.0142
 181.000       8.8493
 182.000      11.0203
 183.000       8.9621
 184.000      13.9355
 185.000      28.1983
 186.000      64.8971
 187.000      52.7793
 188.000      21.8250
 189.000      16.0908
 190.000       9.2814
 191.000       7.1475
 192.000      14.2264
 193.000       5.1074
 194.000       6.9949
 195.000       4.4453
 196.000       7.8534
 197.000       6.8273
 198.000       5.7367
 199.000       7.1363
 200.000       4.4803
 201.000       8.0513
 202.000      10.5272
 203.000       7.2044
 204.000       8.1896
 205.000      12.2735
 206.000      11.1760
 207.000      10.7610
 208.000      11.3060
 209.000      12.5207
 210.000      22.4065
 211.000      20.9479
 212.000      15.0937
 213.000      26.2658
 214.000     201.1815
 215.000      34.4013
 216.000      68.0393
 217.000      42.8321
 218.000      77.5276
 219.000      97.0613
 220.000      49.9265
 221.000      25.8856
 222.000      24.1841
 223.000      64.9172
 224.000      27.2380
 225.000      15.4640
 226.000      31.0333
 227.000      23.4417
 228.000      20.6050
 229.000      29.8080
 230.000      25.4690
 231.000      48.5436
 232.000      19.7716
 233.000      29.5992
 234.000      58.6763
 235.000      64.2109
 236.000      80.4776
 237.000      14.5616
 238.000      47.1764
 239.000      18.2806
 240.000      12.3280
 241.000      15.0474
 242.000      19.7802
 243.000      38.7243
 244.000      10.1923
 245.000      20.3931
 246.000      23.1764
 247.000       9.6447
 248.000      10.4138
 249.000      31.8756
 250.000      14.5010
 251.000      10.0523
 252.000       9.6745
 253.000      10.7839
 254.000      19.1633
 255.000      17.6748
 256.000      11.1793
 257.000      26.7296
 258.000      77.4504
 259.000       6.8140
 260.000       9.2413
 261.000       9.2410
 262.000       8.8314
 263.000      12.1632
 264.000      36.1661
 265.000       8.8516
 266.000      20.1344
 267.000      56.1114
 268.000      12.8978
 269.000      15.7265
 270.000      10.2436
 271.000      15.7610
 272.000      19.2076
 273.000      32.2891
 274.000      43.7760
 275.000      35.4781
 276.000      42.4687
 277.000      20.9240
 278.000      19.2410
 279.000      19.8935
 280.000      42.3200
 281.000      55.0031
 282.000      20.3859
 283.000       9.8426
 284.000      77.4921
 285.000      70.3215
 286.000      12.0056
 287.000      18.8855
 288.000      51.2235
 289.000      27.0938
 290.000      31.4746
 291.000      58.2251
 292.000      68.1207
 293.000      26.5928
 294.000      22.5063
 295.000      37.1718
 296.000      80.2522
 297.000      21.5285
 298.000     118.7540
 299.000      93.3686
 300.000      73.6518
 301.000      40.5624
 302.000      49.3572
 303.000      55.6058
 304.000      57.8790
 305.000      53.8199
 306.000      63.8647
 307.000     108.7666
 308.000      88.5537
 309.000      91.5219
 310.000     121.1351
 311.000     222.9536
 312.000     359.1183
 313.000     100.1816
