#Res        B-factors
   1.000    3116.4073
   2.000    1834.5611
   3.000    1066.8737
   4.000     610.2860
   5.000     188.9475
   6.000      71.5102
   7.000      61.1823
   8.000      24.9637
   9.000      27.9562
  10.000      58.3425
  11.000      99.8833
  12.000      46.6626
  13.000      19.2076
  14.000      76.6828
  15.000      36.2897
  16.000      37.0689
  17.000      37.0818
  18.000      85.8190
  19.000      34.9425
  20.000      29.3200
  21.000      85.1814
  22.000      31.2664
  23.000      36.2626
  24.000      39.6999
  25.000      23.7015
  26.000      35.2393
  27.000      20.7507
  28.000      27.3598
  29.000      25.0696
  30.000      19.3118
  31.000      32.2669
  32.000      36.1843
  33.000      68.9097
  34.000     142.1368
  35.000      54.7825
  36.000      41.4985
  37.000      74.3897
  38.000      68.8236
  39.000      15.5171
  40.000      11.9380
  41.000      11.9459
  42.000      27.8978
  43.000      18.7020
  44.000      17.8426
  45.000      25.4430
  46.000      25.6675
  47.000      82.4497
  48.000      59.8890
  49.000      30.1974
  50.000      44.4757
  51.000      53.4896
  52.000     190.9910
  53.000      39.8535
  54.000      73.9271
  55.000      89.0783
  56.000      64.5491
  57.000      32.6413
  58.000      51.9324
  59.000      61.5297
  60.000      32.7794
  61.000      22.7616
  62.000      19.9852
  63.000      14.4635
  64.000      16.2699
  65.000      63.4078
  66.000      20.5836
  67.000      11.9983
  68.000      70.0325
  69.000      26.8538
  70.000      18.6221
  71.000      31.2839
  72.000      13.4407
  73.000      12.8260
  74.000      37.3025
  75.000      15.3823
  76.000      12.8011
  77.000      10.3721
  78.000      12.2505
  79.000      18.8420
  80.000      31.7756
  81.000      45.6645
  82.000      96.0604
  83.000      25.1644
  84.000      32.2560
  85.000      14.8874
  86.000      29.0651
  87.000      12.0549
  88.000       9.4302
  89.000       9.0997
  90.000      11.7303
  91.000      35.5081
  92.000      29.4953
  93.000      22.1645
  94.000      12.7754
  95.000      11.1083
  96.000      25.5375
  97.000      11.9685
  98.000      27.6930
  99.000      35.4182
 100.000      13.0217
 101.000      12.4470
 102.000      16.9023
 103.000      20.1583
 104.000      18.5439
 105.000      91.1927
 106.000      33.1205
 107.000      11.1134
 108.000      10.3829
 109.000      18.5731
 110.000      13.2283
 111.000      20.5507
 112.000       8.9474
 113.000      12.8234
 114.000      26.5118
 115.000      18.2652
 116.000      17.2704
 117.000      17.5854
 118.000      15.8520
 119.000       9.6030
 120.000       8.3292
 121.000      32.9896
 122.000       7.5020
 123.000       7.6447
 124.000      10.8503
 125.000       8.2382
 126.000       6.7258
 127.000       6.3117
 128.000      32.7066
 129.000      31.4141
 130.000      14.6499
 131.000      10.4034
 132.000      16.9031
 133.000       9.2247
 134.000      16.9439
 135.000      17.2383
 136.000      19.6228
 137.000      13.5939
 138.000      13.3540
 139.000      25.4886
 140.000      14.6184
 141.000      13.7815
 142.000      16.7822
 143.000      13.5630
 144.000      16.4085
 145.000      20.3233
 146.000      74.7470
 147.000      66.3172
 148.000     121.4274
 149.000      60.5177
 150.000      27.0225
 151.000      18.7999
 152.000      21.4421
 153.000      19.5462
 154.000      11.8630
 155.000       9.8546
 156.000      45.3139
 157.000      12.3578
 158.000      13.3653
 159.000      18.9855
 160.000      12.7959
 161.000      27.2769
 162.000      29.7890
 163.000      32.6559
 164.000      69.4658
 165.000      30.2198
 166.000      45.7893
 167.000     136.3907
 168.000      45.6606
 169.000      17.5001
 170.000      21.0001
 171.000      19.0076
 172.000      19.3466
 173.000      49.2489
 174.000      29.7769
 175.000      34.0952
 176.000      26.6606
 177.000      65.3251
 178.000      29.1406
 179.000       9.7760
 180.000      37.1963
 181.000       8.1478
 182.000       9.9300
 183.000       8.7152
 184.000      12.5460
 185.000      22.4628
 186.000      22.5174
 187.000      75.8422
 188.000      26.5312
 189.000      17.5017
 190.000       9.6842
 191.000       8.0419
 192.000      17.2065
 193.000       5.4803
 194.000       7.0901
 195.000       4.6351
 196.000       7.5749
 197.000       5.0256
 198.000       5.2184
 199.000      12.0680
 200.000       3.8164
 201.000       6.4379
 202.000      10.5780
 203.000       6.6882
 204.000       5.6926
 205.000       9.6935
 206.000      21.2158
 207.000       8.4836
 208.000       8.4587
 209.000       8.5599
 210.000      13.6245
 211.000      13.8767
 212.000      10.3871
 213.000      17.4224
 214.000      77.7155
 215.000      70.9313
 216.000     224.9643
 217.000      90.1105
 218.000     103.9000
 219.000     126.4221
 220.000      80.8310
 221.000      34.1046
 222.000      51.1407
 223.000     102.9662
 224.000      48.5053
 225.000      18.0529
 226.000      34.0654
 227.000      27.1531
 228.000      19.9485
 229.000      27.9114
 230.000      19.4379
 231.000      44.3315
 232.000      13.9553
 233.000      22.9954
 234.000      46.7174
 235.000      53.8919
 236.000      78.7055
 237.000      11.4065
 238.000      40.1236
 239.000      24.3959
 240.000      15.0409
 241.000      12.4214
 242.000      13.9012
 243.000      32.6583
 244.000       7.4936
 245.000      16.0263
 246.000      13.9486
 247.000       7.1508
 248.000       7.0846
 249.000      30.2281
 250.000      10.7027
 251.000       8.5428
 252.000       7.4642
 253.000       8.2522
 254.000      15.0197
 255.000      14.5657
 256.000      10.3794
 257.000      22.9666
 258.000      61.2454
 259.000       5.7764
 260.000       8.0114
 261.000       8.3553
 262.000       7.8480
 263.000      10.1851
 264.000      26.5806
 265.000       7.1693
 266.000      23.8716
 267.000      46.0282
 268.000       8.2614
 269.000      10.7443
 270.000       8.0180
 271.000      12.2096
 272.000      12.0894
 273.000      35.3410
 274.000      22.1630
 275.000      41.1110
 276.000      41.3528
 277.000      18.9858
 278.000      16.3629
 279.000      19.2944
 280.000      28.0534
 281.000      80.3554
 282.000      42.6015
 283.000      12.0060
 284.000      97.4186
 285.000      61.9872
 286.000      10.3886
 287.000      14.4770
 288.000      44.4886
 289.000      19.1150
 290.000      25.1061
 291.000      39.5350
 292.000      64.5310
 293.000      11.7604
 294.000      11.5853
 295.000      18.5325
 296.000      63.4694
 297.000      15.2242
 298.000      78.1270
 299.000      37.9886
 300.000      56.8243
 301.000      21.8036
 302.000      25.8019
 303.000      34.8607
 304.000      47.2634
 305.000      30.4393
 306.000      37.1011
 307.000      84.6606
 308.000      36.5378
 309.000      46.7405
 310.000      57.1475
 311.000      69.6392
 312.000     290.6934
 313.000      55.4196
