#Res        B-factors
   1.000     157.0934
   2.000      43.0906
   3.000      57.6494
   4.000      79.8813
   5.000     115.5104
   6.000      62.9811
   7.000      24.1102
   8.000      67.5278
   9.000      43.9695
  10.000      42.5613
  11.000      57.8342
  12.000     115.3065
  13.000      62.3954
  14.000      79.9480
  15.000     182.2600
  16.000     131.7849
  17.000     154.9935
  18.000     178.7330
  19.000      82.6039
  20.000      78.2381
  21.000      48.1008
  22.000      42.2345
  23.000      29.9913
  24.000      21.5250
  25.000      32.9081
  26.000      40.1133
  27.000      69.0228
  28.000     126.7476
  29.000      67.6838
  30.000      59.5923
  31.000      95.5319
  32.000      69.8410
  33.000      21.3894
  34.000      15.8132
  35.000      15.0037
  36.000      41.0508
  37.000      40.9694
  38.000      57.6959
  39.000     106.2029
  40.000     112.8232
  41.000     205.1436
  42.000     194.5448
  43.000     237.7687
  44.000     132.5625
  45.000     163.0677
  46.000     134.0009
  47.000      81.7258
  48.000     142.4331
  49.000     115.6188
  50.000      94.2903
  51.000      34.7043
  52.000      64.3781
  53.000     103.3548
  54.000      42.7880
  55.000      21.7935
  56.000      64.2830
  57.000      20.3333
  58.000      17.3648
  59.000     112.8011
  60.000      35.4297
  61.000      15.4734
  62.000      77.0651
  63.000      83.7238
  64.000      22.3156
  65.000      28.7035
  66.000      17.6020
  67.000      24.9373
  68.000      77.9990
  69.000      24.8668
  70.000      27.3562
  71.000      13.5906
  72.000      23.5168
  73.000      26.8534
  74.000      49.1025
  75.000     144.2409
  76.000     305.1554
  77.000     113.9031
  78.000      87.3565
  79.000      36.8143
  80.000      34.8305
  81.000      24.1525
  82.000      14.0382
  83.000      17.0055
  84.000      41.9376
  85.000      33.0713
  86.000      47.3090
  87.000      92.1787
  88.000      39.8080
  89.000      26.1067
  90.000      43.4991
  91.000      14.1002
  92.000      57.6088
  93.000      61.9297
  94.000      17.9448
  95.000      17.8761
  96.000      34.2712
  97.000      27.6342
  98.000      33.7824
  99.000      69.6768
 100.000      29.9377
 101.000      13.1559
 102.000      16.2114
 103.000      20.4428
 104.000      15.2333
 105.000      23.9887
 106.000       8.2396
 107.000      13.9948
 108.000      28.5826
 109.000      10.7712
 110.000      14.3692
 111.000      36.1135
 112.000      15.6194
 113.000       8.9297
 114.000       7.6084
 115.000      31.5614
 116.000       8.3304
 117.000       8.0657
 118.000      10.6971
 119.000       9.1154
 120.000       8.1090
 121.000       6.5463
 122.000      39.6187
 123.000      43.9710
 124.000      13.7574
 125.000      13.4105
 126.000      10.5840
 127.000      10.0845
 128.000      17.5926
 129.000      14.4494
 130.000      24.6818
 131.000      21.4469
 132.000      13.2883
 133.000      63.7571
 134.000      29.9825
 135.000      13.6474
 136.000      29.7001
 137.000      30.2507
 138.000      39.2452
 139.000     165.7756
 140.000     221.0420
 141.000     300.4311
 142.000     398.6668
 143.000     140.6546
 144.000     100.5364
 145.000      28.5073
 146.000      22.5111
 147.000      23.5254
 148.000      14.5652
 149.000      14.4537
 150.000      25.2693
 151.000      15.4624
 152.000      17.9187
 153.000      31.9776
 154.000      14.8500
 155.000      21.2939
 156.000      55.9919
 157.000      33.0693
 158.000     104.0554
 159.000      29.4667
 160.000      38.9374
 161.000     111.1617
 162.000      28.8009
 163.000      19.3878
 164.000      27.2086
 165.000      24.6856
 166.000      26.2062
 167.000      71.4850
 168.000      56.2011
 169.000      32.0037
 170.000      20.5692
 171.000      29.5844
 172.000      17.9163
 173.000      12.5085
 174.000      31.1177
 175.000      15.5800
 176.000      12.4781
 177.000      10.5223
 178.000      17.5811
 179.000      26.6555
 180.000      20.8750
 181.000      51.4625
 182.000      19.1048
 183.000      18.1179
 184.000      11.5352
 185.000       8.0722
 186.000      12.6181
 187.000       5.3628
 188.000       8.5805
 189.000       5.5236
 190.000       7.0035
 191.000       6.6650
 192.000       6.5319
 193.000      17.4415
 194.000       5.1211
 195.000       8.7059
 196.000       8.9453
 197.000       9.6023
 198.000       9.6210
 199.000      12.9313
 200.000      23.0909
 201.000      12.1423
 202.000      15.1513
 203.000      18.4838
 204.000      19.0319
 205.000      17.3965
 206.000      13.4240
 207.000      18.9730
 208.000     175.4587
 209.000      54.2358
 210.000     162.6672
 211.000      65.2716
 212.000      95.1319
 213.000      90.4168
 214.000      54.5402
 215.000      33.8449
 216.000      35.0982
 217.000      80.7049
 218.000      42.6731
 219.000      18.9110
 220.000      35.0485
 221.000      26.4382
 222.000      21.4557
 223.000      28.8972
 224.000      25.0520
 225.000      58.6080
 226.000      21.9797
 227.000      32.5317
 228.000      48.4294
 229.000      50.0611
 230.000      54.8237
 231.000      16.6182
 232.000      45.3666
 233.000      50.8313
 234.000      18.5543
 235.000      17.0116
 236.000      21.5392
 237.000      44.6023
 238.000      10.2710
 239.000      21.4135
 240.000      18.0515
 241.000       8.2529
 242.000       9.6785
 243.000      32.6131
 244.000      13.4259
 245.000      10.2434
 246.000       9.3422
 247.000       9.9786
 248.000      17.9268
 249.000      17.0658
 250.000      11.5138
 251.000      26.9650
 252.000      62.7844
 253.000       6.5992
 254.000       8.2260
 255.000       8.4635
 256.000       7.9354
 257.000      11.8214
 258.000      48.2278
 259.000       7.6556
 260.000      26.0622
 261.000      57.9448
 262.000      11.4069
 263.000      19.6926
 264.000      10.7942
 265.000      21.9905
 266.000      66.6591
 267.000     218.9685
 268.000     317.6689
 269.000      53.5949
