#Res        B-factors
   1.000      91.1683
   2.000      33.8820
   3.000      25.4255
   4.000      50.9072
   5.000      92.6334
   6.000      50.0116
   7.000      18.5694
   8.000      63.2495
   9.000      34.4258
  10.000      34.5379
  11.000      46.4178
  12.000      52.6418
  13.000      29.5186
  14.000      29.3109
  15.000      82.8043
  16.000      52.5758
  17.000      72.2467
  18.000     129.2119
  19.000      32.4285
  20.000      38.1920
  21.000      18.1836
  22.000      25.2077
  23.000      27.9135
  24.000      17.4955
  25.000      33.2542
  26.000      32.4916
  27.000      58.2288
  28.000     120.8699
  29.000      59.4840
  30.000      49.6033
  31.000      92.5778
  32.000      68.6259
  33.000      17.6278
  34.000      11.7766
  35.000       9.9688
  36.000      12.6169
  37.000      18.1552
  38.000      28.3744
  39.000      59.2346
  40.000      55.0948
  41.000     153.3130
  42.000     193.4266
  43.000     227.5221
  44.000     210.7269
  45.000     218.2362
  46.000     229.0050
  47.000     146.6828
  48.000     153.8724
  49.000     139.0589
  50.000     138.7262
  51.000      57.4157
  52.000      74.9938
  53.000      97.6638
  54.000      23.4107
  55.000      16.7827
  56.000      91.9678
  57.000      12.9268
  58.000      11.2774
  59.000     110.1066
  60.000      22.3173
  61.000      12.6478
  62.000      79.4330
  63.000      60.7788
  64.000      27.6043
  65.000      33.7344
  66.000      14.5943
  67.000      13.7520
  68.000      51.1189
  69.000      11.9310
  70.000      20.0486
  71.000      11.0395
  72.000      16.4591
  73.000      19.3826
  74.000      34.2649
  75.000      42.2584
  76.000     124.3315
  77.000      53.8549
  78.000      46.9999
  79.000      42.9417
  80.000      16.4741
  81.000      19.6891
  82.000      10.0671
  83.000       9.3161
  84.000      25.8706
  85.000      23.4427
  86.000      33.3409
  87.000      67.7212
  88.000      28.6551
  89.000      20.9861
  90.000      38.0042
  91.000      14.8805
  92.000      37.2538
  93.000      52.9757
  94.000      17.8086
  95.000      20.1657
  96.000      29.8039
  97.000      24.7646
  98.000      43.5137
  99.000      61.0283
 100.000      26.8862
 101.000      12.0572
 102.000      17.9688
 103.000      20.6596
 104.000      17.9272
 105.000      23.5316
 106.000       8.0723
 107.000      14.5398
 108.000      26.4570
 109.000       8.2041
 110.000       7.8307
 111.000      35.0372
 112.000      17.8315
 113.000       9.5096
 114.000       7.3844
 115.000      32.7291
 116.000       8.3011
 117.000       7.4579
 118.000      11.3218
 119.000       7.2079
 120.000       5.8681
 121.000       5.7560
 122.000      57.9386
 123.000      20.5186
 124.000      12.5405
 125.000      11.1394
 126.000       8.4375
 127.000       6.2188
 128.000      10.4723
 129.000       9.2674
 130.000      26.1400
 131.000      17.4582
 132.000      10.1889
 133.000      48.3147
 134.000      12.2587
 135.000      11.3604
 136.000      14.4475
 137.000      31.1910
 138.000      29.2923
 139.000     161.2938
 140.000     184.0551
 141.000     311.9596
 142.000     300.1420
 143.000     117.1225
 144.000      87.0619
 145.000      24.7115
 146.000      25.6887
 147.000      18.6444
 148.000      24.1923
 149.000       9.3632
 150.000      15.7196
 151.000      11.0806
 152.000      13.5445
 153.000      18.1929
 154.000      11.7502
 155.000      20.3502
 156.000      48.3550
 157.000      40.7962
 158.000     129.1445
 159.000      38.9480
 160.000      49.9548
 161.000     133.5716
 162.000      30.6903
 163.000      17.9618
 164.000      19.4707
 165.000      18.8298
 166.000      18.5740
 167.000      51.4404
 168.000      19.9881
 169.000      15.4184
 170.000      12.9009
 171.000      20.8334
 172.000      11.7426
 173.000       9.2037
 174.000      14.8921
 175.000       7.2174
 176.000       8.9175
 177.000       8.0674
 178.000      12.1322
 179.000      26.0974
 180.000      16.5112
 181.000      40.8534
 182.000      15.5546
 183.000      16.5862
 184.000      10.0845
 185.000       7.6056
 186.000      14.4921
 187.000       4.9964
 188.000      15.8571
 189.000       4.3445
 190.000       6.9016
 191.000       4.5591
 192.000       5.0546
 193.000       5.6422
 194.000       3.7003
 195.000       6.2258
 196.000       7.8831
 197.000       6.7880
 198.000       5.4138
 199.000       9.3166
 200.000      21.8670
 201.000       9.0132
 202.000      10.8872
 203.000      15.2226
 204.000      88.3327
 205.000      14.3979
 206.000       8.0984
 207.000      12.8692
 208.000     169.5454
 209.000      51.6322
 210.000     142.8613
 211.000      72.9756
 212.000     110.5255
 213.000     133.1215
 214.000      61.1754
 215.000      26.9742
 216.000      35.8821
 217.000      76.4471
 218.000      37.1703
 219.000      14.3610
 220.000      28.3628
 221.000      19.0210
 222.000      14.6844
 223.000      19.2205
 224.000      18.9268
 225.000      31.1441
 226.000      12.8133
 227.000      20.1852
 228.000      36.1549
 229.000      42.9297
 230.000      70.0947
 231.000      11.1505
 232.000      46.2711
 233.000      42.4852
 234.000      15.3847
 235.000      13.6415
 236.000      14.1788
 237.000      38.4091
 238.000       8.2070
 239.000      15.8794
 240.000       7.8515
 241.000       7.3781
 242.000       6.9329
 243.000      23.1945
 244.000      10.7230
 245.000       9.8424
 246.000       6.7376
 247.000       7.5300
 248.000      15.6564
 249.000      14.5610
 250.000      10.5922
 251.000      23.3612
 252.000      66.4383
 253.000       5.2928
 254.000       7.5774
 255.000       8.0954
 256.000       7.4340
 257.000      10.8191
 258.000      42.6936
 259.000       7.0660
 260.000      10.3144
 261.000      52.0679
 262.000       8.5546
 263.000      15.4802
 264.000       9.5573
 265.000      16.6191
 266.000      35.7451
 267.000      74.4197
 268.000     388.5397
 269.000      40.6675
