#Res        B-factors
   1.000     116.9573
   2.000      35.1606
   3.000      38.9402
   4.000      62.3502
   5.000     114.8887
   6.000      61.4585
   7.000      27.3805
   8.000      79.5698
   9.000      43.0996
  10.000      43.8626
  11.000      67.4083
  12.000      70.4452
  13.000      26.2817
  14.000      22.2510
  15.000      78.8422
  16.000      39.0143
  17.000      56.3331
  18.000      73.0737
  19.000      25.0876
  20.000      26.8722
  21.000      14.7038
  22.000      27.9792
  23.000      52.7274
  24.000      21.4362
  25.000      37.6174
  26.000      28.8452
  27.000      55.4588
  28.000     112.8373
  29.000      49.9154
  30.000      43.1279
  31.000      96.3570
  32.000      76.2172
  33.000      14.7224
  34.000      10.9056
  35.000      10.5133
  36.000      10.0537
  37.000      17.2741
  38.000      26.0059
  39.000      48.7162
  40.000      47.0656
  41.000     147.4244
  42.000     154.1145
  43.000     268.4234
  44.000     253.0353
  45.000     220.9238
  46.000    1051.0661
  47.000     507.1622
  48.000     537.7025
  49.000     301.7861
  50.000     393.7853
  51.000      85.7230
  52.000      70.9360
  53.000      38.6875
  54.000      11.8433
  55.000      14.8252
  56.000      47.8275
  57.000      10.8698
  58.000      12.4772
  59.000      51.0728
  60.000      26.5996
  61.000      15.0613
  62.000      85.3252
  63.000      78.5202
  64.000      20.2776
  65.000      27.4073
  66.000      14.8715
  67.000      16.0890
  68.000     126.8706
  69.000      16.7467
  70.000      15.2278
  71.000      12.5413
  72.000      16.8686
  73.000      15.3603
  74.000      32.1080
  75.000      59.9539
  76.000     131.0419
  77.000      50.5715
  78.000      42.2616
  79.000      16.2015
  80.000      14.9396
  81.000      18.0240
  82.000      12.3911
  83.000      28.4429
  84.000      32.9485
  85.000      19.4733
  86.000      31.1752
  87.000      72.9765
  88.000      26.7147
  89.000      22.1767
  90.000      26.7830
  91.000      16.7539
  92.000      45.6900
  93.000      52.4787
  94.000      23.2344
  95.000      32.6480
  96.000      29.7055
  97.000      24.7140
  98.000      34.1432
  99.000      64.2800
 100.000      36.5470
 101.000      12.5500
 102.000      17.2109
 103.000      20.3618
 104.000      14.7331
 105.000      25.4936
 106.000       7.9310
 107.000      14.1649
 108.000      26.7553
 109.000       8.2242
 110.000       8.4653
 111.000      38.0250
 112.000      17.6362
 113.000       8.3986
 114.000       7.3423
 115.000      35.6763
 116.000       7.5922
 117.000       8.1636
 118.000      11.1380
 119.000       8.7977
 120.000       6.8906
 121.000       6.6674
 122.000      55.6606
 123.000      21.4146
 124.000      12.3690
 125.000       9.8947
 126.000       8.6436
 127.000       6.3765
 128.000       9.2966
 129.000       8.2363
 130.000      24.5467
 131.000      14.6240
 132.000       9.6156
 133.000      49.9092
 134.000      10.8524
 135.000      11.3781
 136.000      13.9639
 137.000      28.1440
 138.000      26.4511
 139.000     161.3333
 140.000     190.0724
 141.000     306.2378
 142.000     362.7929
 143.000     126.5786
 144.000      88.9776
 145.000      23.8654
 146.000      20.1211
 147.000      17.3470
 148.000      10.0525
 149.000       9.1236
 150.000      11.8784
 151.000      10.5914
 152.000      12.8238
 153.000      28.9557
 154.000       9.9957
 155.000      14.3571
 156.000      75.6300
 157.000      23.0286
 158.000     131.9577
 159.000      58.9123
 160.000      62.3225
 161.000     134.2583
 162.000      27.6966
 163.000      18.0015
 164.000      21.5203
 165.000      19.6246
 166.000      19.9864
 167.000     122.4516
 168.000      32.1916
 169.000      14.5107
 170.000      12.5756
 171.000      14.2240
 172.000      10.6220
 173.000       9.1413
 174.000      19.5672
 175.000      12.1910
 176.000       9.2729
 177.000       8.4853
 178.000      13.7074
 179.000      17.0163
 180.000      14.5805
 181.000      53.2643
 182.000      15.6264
 183.000      17.3348
 184.000      10.3495
 185.000       8.3655
 186.000      17.1961
 187.000       5.6542
 188.000       7.1538
 189.000       4.5969
 190.000       7.1162
 191.000       5.0630
 192.000       5.2852
 193.000       6.9244
 194.000       3.7859
 195.000       6.4475
 196.000       8.2841
 197.000       6.9930
 198.000       6.1730
 199.000       9.5110
 200.000      14.5245
 201.000       9.3474
 202.000      11.1128
 203.000      15.7227
 204.000      12.5924
 205.000      12.9768
 206.000       8.6442
 207.000      13.4277
 208.000      67.6355
 209.000      39.3585
 210.000     129.7444
 211.000      46.8612
 212.000      65.8006
 213.000      91.9301
 214.000      50.0748
 215.000      18.8642
 216.000      22.1516
 217.000      65.2829
 218.000      60.6763
 219.000      12.4430
 220.000      26.0738
 221.000      17.0918
 222.000      13.7547
 223.000      20.3537
 224.000      17.8532
 225.000      55.1511
 226.000      15.0307
 227.000      22.0082
 228.000      31.5713
 229.000      31.2219
 230.000      21.7923
 231.000      11.8625
 232.000      35.6488
 233.000      36.0872
 234.000      15.0293
 235.000      13.7403
 236.000      15.3408
 237.000      37.3863
 238.000       8.2757
 239.000      17.9713
 240.000      15.3251
 241.000       7.4331
 242.000       7.1713
 243.000      36.4183
 244.000      11.4904
 245.000      10.0162
 246.000       6.8588
 247.000       7.8097
 248.000      14.7721
 249.000      13.5446
 250.000      10.5824
 251.000      24.6369
 252.000      62.4675
 253.000       5.5308
 254.000       7.6856
 255.000       8.7877
 256.000       8.1550
 257.000      11.3281
 258.000      38.6098
 259.000       7.6929
 260.000      15.9039
 261.000      62.1349
 262.000       9.0892
 263.000      17.7845
 264.000       9.6676
 265.000      20.8369
 266.000      74.0607
 267.000     398.7503
 268.000     461.6212
 269.000      27.6361
