#Res        B-factors
   1.000      99.0714
   2.000      61.8394
   3.000      26.4200
   4.000      63.5754
   5.000     108.7956
   6.000      57.5372
   7.000      21.6889
   8.000      54.1049
   9.000      27.2261
  10.000      26.5043
  11.000      38.8496
  12.000      86.6633
  13.000      36.0456
  14.000      38.1956
  15.000     176.0811
  16.000      85.6450
  17.000     123.2832
  18.000     132.8533
  19.000      45.6644
  20.000      37.7627
  21.000      21.1611
  22.000      25.0260
  23.000      19.8455
  24.000      16.9248
  25.000      20.9735
  26.000      37.3284
  27.000      60.9959
  28.000     108.7832
  29.000      54.7555
  30.000      36.5281
  31.000      98.8243
  32.000      64.8811
  33.000      13.4744
  34.000      10.1976
  35.000      10.7840
  36.000      29.6099
  37.000      23.2184
  38.000      29.7126
  39.000      61.7424
  40.000      48.5343
  41.000     135.1391
  42.000     169.4743
  43.000      80.7495
  44.000      68.1082
  45.000      79.1329
  46.000     243.1214
  47.000      62.8280
  48.000      67.0915
  49.000     123.1890
  50.000      63.0537
  51.000      42.6093
  52.000      56.1644
  53.000      82.8015
  54.000      20.5083
  55.000      14.9165
  56.000      53.9073
  57.000      19.0806
  58.000      22.3736
  59.000     106.7722
  60.000      34.5078
  61.000      13.5278
  62.000      91.2910
  63.000      67.1351
  64.000      18.6390
  65.000      22.0586
  66.000      13.0427
  67.000      12.3534
  68.000     110.7821
  69.000      14.8518
  70.000      13.0600
  71.000      15.4332
  72.000      17.7111
  73.000      21.4396
  74.000      38.5091
  75.000      40.4725
  76.000      91.3774
  77.000      46.2573
  78.000      65.2331
  79.000      21.3917
  80.000      18.0678
  81.000      15.5586
  82.000      14.0458
  83.000       8.4616
  84.000      18.5485
  85.000      17.4351
  86.000      17.9038
  87.000      17.8002
  88.000      14.1981
  89.000      12.3977
  90.000      23.8977
  91.000      10.8306
  92.000      42.6195
  93.000      49.6235
  94.000      20.8408
  95.000      14.5963
  96.000      24.7611
  97.000      20.1607
  98.000      28.7928
  99.000      49.4128
 100.000      36.1202
 101.000       9.2239
 102.000      17.9476
 103.000      17.9566
 104.000      11.9659
 105.000      20.1228
 106.000       6.8113
 107.000      11.3873
 108.000      59.8314
 109.000       7.5373
 110.000      14.0609
 111.000      27.7688
 112.000      12.7567
 113.000       7.8672
 114.000       7.1052
 115.000      29.5157
 116.000       7.2120
 117.000       7.1129
 118.000      10.3485
 119.000       7.1885
 120.000       6.3673
 121.000       5.6780
 122.000      67.8938
 123.000      27.6033
 124.000       9.2557
 125.000       9.3530
 126.000       8.1724
 127.000       5.6712
 128.000      10.4600
 129.000       9.3657
 130.000      24.2656
 131.000      16.0836
 132.000       8.6127
 133.000      49.8545
 134.000      13.2326
 135.000      13.7310
 136.000      14.6509
 137.000      15.4512
 138.000      15.3940
 139.000      22.4184
 140.000      98.5991
 141.000      59.2248
 142.000     159.6855
 143.000      46.5010
 144.000      22.5082
 145.000      15.6733
 146.000      19.7052
 147.000      17.3031
 148.000      13.3648
 149.000       8.9696
 150.000      18.3175
 151.000       9.0815
 152.000      11.0553
 153.000      26.4028
 154.000      10.7317
 155.000      35.4266
 156.000      41.5169
 157.000      15.7391
 158.000      73.3830
 159.000      23.4133
 160.000      35.1750
 161.000      64.3935
 162.000      15.5852
 163.000      12.1150
 164.000      13.1789
 165.000      13.2053
 166.000      12.1928
 167.000      84.9444
 168.000      50.4499
 169.000      15.8370
 170.000      13.3604
 171.000      17.2875
 172.000      10.8351
 173.000      10.3547
 174.000      14.6189
 175.000       6.2857
 176.000       7.9986
 177.000       6.1632
 178.000      10.0354
 179.000      21.1190
 180.000      48.7704
 181.000      39.1101
 182.000      15.8551
 183.000      13.3555
 184.000       7.1610
 185.000       5.8471
 186.000      13.9949
 187.000       4.1653
 188.000      18.3840
 189.000       4.0194
 190.000       6.9946
 191.000       4.6017
 192.000       4.9826
 193.000      16.0754
 194.000       3.7987
 195.000       6.1055
 196.000      12.1510
 197.000       7.2837
 198.000       5.4622
 199.000      22.0124
 200.000       8.3796
 201.000       8.0682
 202.000       9.8441
 203.000      10.9850
 204.000      10.3700
 205.000      10.9912
 206.000       7.7776
 207.000      14.5647
 208.000      39.3073
 209.000      45.2761
 210.000     122.6302
 211.000      65.0847
 212.000     100.4908
 213.000     150.7469
 214.000      51.6749
 215.000      29.6263
 216.000     155.9907
 217.000      81.8957
 218.000      38.4358
 219.000      18.1643
 220.000      52.5266
 221.000      26.6104
 222.000      21.8662
 223.000      24.7072
 224.000      18.1780
 225.000      53.4569
 226.000      13.9664
 227.000      20.5289
 228.000      26.4441
 229.000      27.9003
 230.000      20.9037
 231.000      10.2374
 232.000      35.7167
 233.000      38.2781
 234.000      16.0101
 235.000      12.3923
 236.000      13.4099
 237.000      34.5680
 238.000       7.4496
 239.000      16.7182
 240.000       7.3683
 241.000       7.0387
 242.000       6.8302
 243.000      32.1224
 244.000      10.3136
 245.000       9.4104
 246.000       6.5611
 247.000       6.8300
 248.000      12.5493
 249.000      12.7591
 250.000       8.8973
 251.000      23.2439
 252.000      56.7339
 253.000       4.5374
 254.000       7.3240
 255.000       7.7009
 256.000       7.3417
 257.000      10.3857
 258.000      35.0362
 259.000       6.7647
 260.000       9.8498
 261.000      47.2542
 262.000       7.9789
 263.000      14.0102
 264.000       8.7372
 265.000      15.8715
 266.000      24.8164
 267.000      55.1112
 268.000      41.4009
 269.000     121.0185
