#Res        B-factors
   1.000     234.6708
   2.000     116.0667
   3.000      65.5108
   4.000     161.8641
   5.000     216.7499
   6.000     121.5598
   7.000      61.4524
   8.000     105.4833
   9.000      98.6031
  10.000      90.9794
  11.000      87.7955
  12.000     155.7715
  13.000      57.9319
  14.000      92.3060
  15.000     209.8375
  16.000     213.0518
  17.000     307.7248
  18.000     301.1045
  19.000     124.7109
  20.000     111.4320
  21.000      56.2346
  22.000      87.9837
  23.000      53.1472
  24.000      41.3475
  25.000      72.7049
  26.000      80.3545
  27.000     124.9582
  28.000     199.9796
  29.000     129.0065
  30.000     111.9550
  31.000     142.5695
  32.000      72.2178
  33.000      31.2591
  34.000      17.2636
  35.000      25.4897
  36.000      53.7278
  37.000      64.5879
  38.000      62.3474
  39.000      84.7740
  40.000      60.7332
  41.000     123.1815
  42.000     163.1543
  43.000      71.0689
  44.000      71.5029
  45.000      90.1299
  46.000     284.5841
  47.000      78.5686
  48.000      75.7715
  49.000     117.1352
  50.000      55.1946
  51.000      56.5550
  52.000      66.7344
  53.000      18.5973
  54.000      31.5245
  55.000      26.6481
  56.000      21.7464
  57.000      18.0180
  58.000      27.0681
  59.000     128.4977
  60.000      35.6578
  61.000      18.6037
  62.000      83.1059
  63.000      78.3513
  64.000      28.1394
  65.000      33.0606
  66.000      19.7307
  67.000      30.0650
  68.000      98.9356
  69.000      24.8044
  70.000      25.9427
  71.000      17.0908
  72.000      19.2688
  73.000      32.0192
  74.000      57.5663
  75.000      84.6519
  76.000     153.4018
  77.000      77.5348
  78.000      95.3796
  79.000      34.4272
  80.000      54.9535
  81.000      26.4736
  82.000      13.2700
  83.000      16.3899
  84.000      34.6118
  85.000      33.3673
  86.000      54.7291
  87.000      86.8217
  88.000      59.8050
  89.000      51.5902
  90.000      54.1572
  91.000      21.2399
  92.000      69.7707
  93.000      82.1134
  94.000      27.3894
  95.000      23.9656
  96.000      44.3107
  97.000      39.3489
  98.000      35.1818
  99.000      64.6022
 100.000      27.3921
 101.000      29.3867
 102.000      21.6549
 103.000      48.8803
 104.000      18.9766
 105.000      29.6886
 106.000       9.1658
 107.000      16.5648
 108.000      24.6831
 109.000      10.0385
 110.000       8.3675
 111.000      26.3672
 112.000      42.0705
 113.000       9.3332
 114.000       7.3594
 115.000      32.1774
 116.000       8.9072
 117.000       7.9865
 118.000      12.8547
 119.000      10.8000
 120.000       7.7351
 121.000       6.3048
 122.000      55.3135
 123.000      34.7836
 124.000      11.9655
 125.000      12.4066
 126.000       8.9084
 127.000      10.3987
 128.000      13.3550
 129.000      31.2580
 130.000      36.4983
 131.000      27.2401
 132.000      20.8048
 133.000      81.2348
 134.000      23.8594
 135.000      18.3007
 136.000      41.1809
 137.000      45.5006
 138.000      68.6908
 139.000      85.0923
 140.000     161.6006
 141.000     165.9011
 142.000     220.9546
 143.000      83.5559
 144.000      61.2260
 145.000      46.6472
 146.000      39.2154
 147.000      36.0383
 148.000      15.1977
 149.000      18.1257
 150.000      47.3744
 151.000      16.2980
 152.000      17.3702
 153.000      23.1699
 154.000      12.0629
 155.000      14.1904
 156.000      21.9701
 157.000      33.5850
 158.000     130.1790
 159.000      48.2360
 160.000      57.1003
 161.000      83.0669
 162.000      18.0137
 163.000      13.1931
 164.000      17.9327
 165.000      39.3689
 166.000      20.8136
 167.000      75.9464
 168.000      44.5060
 169.000      35.9100
 170.000      30.0604
 171.000      42.2340
 172.000      21.7017
 173.000      15.5097
 174.000      27.4021
 175.000       9.3620
 176.000      13.4106
 177.000      10.1349
 178.000      15.2215
 179.000      25.6792
 180.000      71.6854
 181.000      49.9518
 182.000      21.1131
 183.000      14.3617
 184.000       8.2663
 185.000       6.3434
 186.000      18.2432
 187.000       4.5256
 188.000      18.5771
 189.000       4.3343
 190.000       7.1757
 191.000       6.9326
 192.000       6.3581
 193.000       8.2671
 194.000       5.3362
 195.000       9.2515
 196.000      26.1759
 197.000       8.0615
 198.000      10.1138
 199.000      13.9598
 200.000      24.0141
 201.000      10.6581
 202.000      14.7235
 203.000      21.2762
 204.000      19.0972
 205.000      20.3248
 206.000      17.2568
 207.000      26.2607
 208.000      70.5976
 209.000      61.9945
 210.000     163.4064
 211.000      77.5736
 212.000      98.0701
 213.000     106.5117
 214.000      68.6490
 215.000      42.4983
 216.000      45.0807
 217.000      94.6686
 218.000      51.5641
 219.000      22.5985
 220.000      40.4956
 221.000      34.3618
 222.000      25.9461
 223.000      34.9349
 224.000      28.5144
 225.000      50.8022
 226.000      23.0682
 227.000      34.5689
 228.000      56.2864
 229.000      51.7173
 230.000      51.5275
 231.000      16.2158
 232.000      50.6260
 233.000      42.9897
 234.000      18.0549
 235.000      24.0802
 236.000      21.7616
 237.000      43.9242
 238.000      10.8560
 239.000      22.4618
 240.000      13.4231
 241.000       9.0985
 242.000       9.2101
 243.000      37.1492
 244.000      14.4704
 245.000       9.8182
 246.000      10.1803
 247.000      10.9434
 248.000      20.2418
 249.000      17.8898
 250.000      11.4791
 251.000      25.7726
 252.000      72.0244
 253.000       6.6833
 254.000       8.8510
 255.000       9.3685
 256.000       8.5694
 257.000      13.7106
 258.000      35.6517
 259.000       8.6817
 260.000      13.1124
 261.000      53.0897
 262.000      13.1511
 263.000      23.1895
 264.000      12.5361
 265.000      19.3605
 266.000      40.0555
 267.000      96.9571
 268.000      81.2301
 269.000     129.9205
