#Res        B-factors
   1.000     206.0931
   2.000     207.3072
   3.000      38.1326
   4.000      72.4235
   5.000     142.0537
   6.000      57.1272
   7.000      19.7970
   8.000      53.8022
   9.000      35.0000
  10.000      32.3857
  11.000      42.4406
  12.000      87.6000
  13.000      41.1447
  14.000      49.2433
  15.000     160.1619
  16.000     121.2046
  17.000     176.9955
  18.000     168.4486
  19.000      56.5352
  20.000      51.2467
  21.000      28.2914
  22.000      29.5954
  23.000      23.2940
  24.000      19.0609
  25.000      30.7038
  26.000      37.5795
  27.000      61.0453
  28.000     104.5118
  29.000      57.3539
  30.000      41.9181
  31.000      83.5582
  32.000      54.6672
  33.000      15.7799
  34.000      12.5454
  35.000      13.3242
  36.000      32.4354
  37.000      29.1231
  38.000      42.8478
  39.000      68.6256
  40.000      58.5956
  41.000     160.2909
  42.000     206.1862
  43.000      82.5746
  44.000      93.9450
  45.000     100.0379
  46.000     338.7962
  47.000      89.7917
  48.000      83.3208
  49.000     147.4514
  50.000      91.4132
  51.000      66.6796
  52.000      64.0302
  53.000      79.6946
  54.000      31.4783
  55.000      15.4242
  56.000     110.9274
  57.000      14.4623
  58.000      12.6937
  59.000      92.0955
  60.000      19.6040
  61.000      13.4444
  62.000      77.7858
  63.000      27.5592
  64.000      15.1611
  65.000      17.1389
  66.000      14.0806
  67.000      17.3478
  68.000      30.0874
  69.000      13.0350
  70.000      12.1224
  71.000      22.4906
  72.000      19.6130
  73.000      25.9177
  74.000      43.5676
  75.000      74.1916
  76.000     186.4947
  77.000      78.1369
  78.000      65.1723
  79.000      31.1439
  80.000      23.7774
  81.000      16.9847
  82.000       9.2642
  83.000      10.4711
  84.000      14.4936
  85.000      23.3195
  86.000      35.7729
  87.000      22.8243
  88.000      20.6889
  89.000      17.4987
  90.000      27.8467
  91.000      13.3957
  92.000      45.5153
  93.000      63.3291
  94.000      17.1849
  95.000      18.3384
  96.000      31.5243
  97.000      24.6255
  98.000      29.9595
  99.000      59.6695
 100.000      23.5032
 101.000      11.4687
 102.000      16.4271
 103.000      16.3372
 104.000      15.6400
 105.000      23.3931
 106.000       7.6302
 107.000      10.4953
 108.000      37.6616
 109.000      11.5090
 110.000      15.4436
 111.000      27.3096
 112.000      13.8974
 113.000       8.2539
 114.000       7.2067
 115.000      28.2559
 116.000       7.0326
 117.000       7.6303
 118.000       9.8705
 119.000       7.6782
 120.000       6.9155
 121.000       6.0265
 122.000      51.1206
 123.000      25.5576
 124.000      14.2939
 125.000      20.7137
 126.000      11.0429
 127.000       9.9625
 128.000      17.4036
 129.000      17.2158
 130.000      31.8807
 131.000      19.2925
 132.000      12.7807
 133.000      56.7839
 134.000      15.6749
 135.000      24.0293
 136.000      23.2579
 137.000      22.5827
 138.000      22.1320
 139.000      29.4766
 140.000     142.2222
 141.000      83.3132
 142.000     190.4416
 143.000      55.2523
 144.000      26.4040
 145.000      18.3041
 146.000      26.3855
 147.000      28.7467
 148.000      11.1645
 149.000      13.8055
 150.000      39.5522
 151.000      13.3091
 152.000      20.4911
 153.000      26.0531
 154.000      18.3949
 155.000      38.1779
 156.000      58.1874
 157.000      50.6136
 158.000     167.8348
 159.000      81.6788
 160.000     115.0389
 161.000      92.1637
 162.000      23.4174
 163.000      19.2430
 164.000      18.7953
 165.000      24.8068
 166.000      20.6576
 167.000      81.5792
 168.000      37.7572
 169.000      22.1993
 170.000      14.3491
 171.000      20.1165
 172.000      11.5126
 173.000      10.3535
 174.000      17.1728
 175.000       6.9297
 176.000       9.0175
 177.000       7.4797
 178.000      11.5312
 179.000      17.7348
 180.000      58.4687
 181.000      45.7358
 182.000      20.1541
 183.000      16.1409
 184.000       9.4762
 185.000       7.6250
 186.000      15.3330
 187.000       5.2054
 188.000      18.7658
 189.000       4.8929
 190.000       7.1317
 191.000       5.3019
 192.000       5.5089
 193.000      10.0323
 194.000       4.3415
 195.000       6.7016
 196.000      17.3171
 197.000       8.0152
 198.000       6.2219
 199.000      16.6947
 200.000      10.9363
 201.000       9.5905
 202.000      11.4924
 203.000      12.7127
 204.000      12.7675
 205.000      13.4048
 206.000       8.7866
 207.000      14.2132
 208.000      68.8218
 209.000      43.7193
 210.000     138.2710
 211.000      59.3404
 212.000      97.5174
 213.000     121.9846
 214.000      51.1629
 215.000      29.4030
 216.000      35.4228
 217.000      66.4975
 218.000      37.0700
 219.000      14.2079
 220.000      23.8733
 221.000      19.8861
 222.000      16.6122
 223.000      22.0358
 224.000      18.3762
 225.000      47.6295
 226.000      15.2906
 227.000      20.4866
 228.000      28.7924
 229.000      30.4877
 230.000      23.5410
 231.000      12.2469
 232.000      40.1037
 233.000      38.8410
 234.000      14.7407
 235.000      13.0537
 236.000      14.5885
 237.000      33.4832
 238.000       8.5312
 239.000      17.4145
 240.000       8.7654
 241.000       7.4835
 242.000       8.6473
 243.000      34.6537
 244.000      12.5007
 245.000       8.7385
 246.000       7.4997
 247.000       7.9583
 248.000      14.7771
 249.000      14.5994
 250.000      10.2263
 251.000      23.3198
 252.000      70.8061
 253.000       5.3203
 254.000       7.1491
 255.000       8.0763
 256.000       7.1124
 257.000      10.2129
 258.000      46.0286
 259.000       6.4328
 260.000       9.5594
 261.000      52.5338
 262.000       7.9081
 263.000      13.5085
 264.000       8.5761
 265.000      13.8116
 266.000      27.2346
 267.000      72.3153
 268.000      77.0738
 269.000     145.4308
